<?xml version="1.0" encoding="UTF-8"?>
<!-- Generated by org.testng.reporters.JUnitXMLReporter -->
<testsuite ignored="0" hostname="LAPTOP-I58V1N72" failures="0" tests="5" name="Test" time="19.517" errors="0" timestamp="2024-09-08T22:40:42 IST">
  <testcase classname="com.parentbooking.testcases.Login_Page_Test" name="loggingIntoTheApplication" time="4.776"/>
  <testcase classname="com.parentbooking.testcases.Parents_Page_Test" name="parentsPageTest" time="2.692"/>
  <testcase classname="com.parentbooking.testcases.Parents_Page_Test" name="addNewParentsTest" time="6.703"/>
  <testcase classname="com.parentbooking.testcases.Parents_Page_Test" name="parentDetailsVerification" time="1.771"/>
  <testcase classname="com.parentbooking.testcases.Logout_Test" name="logoutTest" time="3.533"/>
</testsuite> <!-- Test -->
