<?xml version="1.0" encoding="UTF-8"?>
<!-- Generated by org.testng.reporters.JUnitXMLReporter -->
<testsuite ignored="0" hostname="LAPTOP-I58V1N72" failures="0" tests="5" name="Test" time="68.993" errors="0" timestamp="2024-09-09T22:23:57 IST">
  <testcase classname="com.parentbooking.testcases.Login_Page_Test" name="loggingIntoTheApplication" time="13.497"/>
  <testcase classname="com.parentbooking.testcases.Parents_Page_Test" name="parentsPageTest" time="2.783"/>
  <testcase classname="com.parentbooking.testcases.Parents_Page_Test" name="addNewParentsTest" time="33.192"/>
  <testcase classname="com.parentbooking.testcases.Parents_Page_Test" name="parentDetailsVerification" time="14.756"/>
  <testcase classname="com.parentbooking.testcases.Logout_Test" name="logoutTest" time="4.731"/>
</testsuite> <!-- Test -->
