<?xml version="1.0" encoding="UTF-8"?>
<testng-results ignored="0" total="5" passed="5" failed="0" skipped="0">
  <reporter-output>
  </reporter-output>
  <suite started-at="2024-09-08T22:40:22 IST" name="Suite" finished-at="2024-09-08T22:40:42 IST" duration-ms="19517">
    <groups>
    </groups>
    <test started-at="2024-09-08T22:40:22 IST" name="Test" finished-at="2024-09-08T22:40:42 IST" duration-ms="19517">
      <class name="com.parentbooking.testcases.Parents_Page_Test">
        <test-method is-config="true" signature="setDriver()[pri:0, instance:com.parentbooking.testcases.Parents_Page_Test@4229bb3f]" started-at="2024-09-08T22:40:27 IST" name="setDriver" finished-at="2024-09-08T22:40:27 IST" duration-ms="4" status="PASS">
          <reporter-output>
          </reporter-output>
        </test-method> <!-- setDriver -->
        <test-method signature="parentsPageTest()[pri:0, instance:com.parentbooking.testcases.Parents_Page_Test@4229bb3f]" started-at="2024-09-08T22:40:27 IST" name="parentsPageTest" finished-at="2024-09-08T22:40:30 IST" duration-ms="2692" status="PASS">
          <reporter-output>
          </reporter-output>
        </test-method> <!-- parentsPageTest -->
        <test-method signature="addNewParentsTest()[pri:1, instance:com.parentbooking.testcases.Parents_Page_Test@4229bb3f]" started-at="2024-09-08T22:40:30 IST" name="addNewParentsTest" finished-at="2024-09-08T22:40:37 IST" duration-ms="6703" status="PASS">
          <reporter-output>
          </reporter-output>
        </test-method> <!-- addNewParentsTest -->
        <test-method signature="parentDetailsVerification()[pri:3, instance:com.parentbooking.testcases.Parents_Page_Test@4229bb3f]" started-at="2024-09-08T22:40:37 IST" name="parentDetailsVerification" finished-at="2024-09-08T22:40:38 IST" duration-ms="1771" status="PASS">
          <reporter-output>
          </reporter-output>
        </test-method> <!-- parentDetailsVerification -->
      </class> <!-- com.parentbooking.testcases.Parents_Page_Test -->
      <class name="com.parentbooking.testcases.Logout_Test">
        <test-method is-config="true" signature="setDriver()[pri:0, instance:com.parentbooking.testcases.Logout_Test@56cdfb3b]" started-at="2024-09-08T22:40:38 IST" name="setDriver" finished-at="2024-09-08T22:40:38 IST" duration-ms="7" status="PASS">
          <reporter-output>
          </reporter-output>
        </test-method> <!-- setDriver -->
        <test-method signature="logoutTest()[pri:0, instance:com.parentbooking.testcases.Logout_Test@56cdfb3b]" started-at="2024-09-08T22:40:38 IST" name="logoutTest" finished-at="2024-09-08T22:40:42 IST" duration-ms="3533" status="PASS">
          <reporter-output>
          </reporter-output>
        </test-method> <!-- logoutTest -->
      </class> <!-- com.parentbooking.testcases.Logout_Test -->
      <class name="com.parentbooking.testcases.Login_Page_Test">
        <test-method is-config="true" signature="launchingWebBrowser()[pri:0, instance:com.parentbooking.testcases.Login_Page_Test@4d0f2471]" started-at="2024-09-08T22:40:15 IST" name="launchingWebBrowser" finished-at="2024-09-08T22:40:22 IST" duration-ms="7828" status="PASS">
          <reporter-output>
          </reporter-output>
        </test-method> <!-- launchingWebBrowser -->
        <test-method signature="loggingIntoTheApplication()[pri:0, instance:com.parentbooking.testcases.Login_Page_Test@4d0f2471]" started-at="2024-09-08T22:40:22 IST" name="loggingIntoTheApplication" finished-at="2024-09-08T22:40:27 IST" duration-ms="4776" status="PASS">
          <reporter-output>
          </reporter-output>
        </test-method> <!-- loggingIntoTheApplication -->
      </class> <!-- com.parentbooking.testcases.Login_Page_Test -->
    </test> <!-- Test -->
  </suite> <!-- Suite -->
</testng-results>
