<?xml version="1.0" encoding="UTF-8"?>
<testng-results ignored="0" total="5" passed="5" failed="0" skipped="0">
  <reporter-output>
  </reporter-output>
  <suite started-at="2024-09-09T22:22:48 IST" name="Suite" finished-at="2024-09-09T22:23:57 IST" duration-ms="68993">
    <groups>
    </groups>
    <test started-at="2024-09-09T22:22:48 IST" name="Test" finished-at="2024-09-09T22:23:57 IST" duration-ms="68993">
      <class name="com.parentbooking.testcases.Parents_Page_Test">
        <test-method is-config="true" signature="setDriver()[pri:0, instance:com.parentbooking.testcases.Parents_Page_Test@4229bb3f]" started-at="2024-09-09T22:23:02 IST" name="setDriver" finished-at="2024-09-09T22:23:02 IST" duration-ms="3" status="PASS">
          <reporter-output>
          </reporter-output>
        </test-method> <!-- setDriver -->
        <test-method signature="parentsPageTest()[pri:0, instance:com.parentbooking.testcases.Parents_Page_Test@4229bb3f]" started-at="2024-09-09T22:23:02 IST" name="parentsPageTest" finished-at="2024-09-09T22:23:04 IST" duration-ms="2783" status="PASS">
          <reporter-output>
          </reporter-output>
        </test-method> <!-- parentsPageTest -->
        <test-method signature="addNewParentsTest()[pri:1, instance:com.parentbooking.testcases.Parents_Page_Test@4229bb3f]" started-at="2024-09-09T22:23:04 IST" name="addNewParentsTest" finished-at="2024-09-09T22:23:38 IST" duration-ms="33192" status="PASS">
          <reporter-output>
          </reporter-output>
        </test-method> <!-- addNewParentsTest -->
        <test-method signature="parentDetailsVerification()[pri:3, instance:com.parentbooking.testcases.Parents_Page_Test@4229bb3f]" started-at="2024-09-09T22:23:38 IST" name="parentDetailsVerification" finished-at="2024-09-09T22:23:52 IST" duration-ms="14756" status="PASS">
          <reporter-output>
          </reporter-output>
        </test-method> <!-- parentDetailsVerification -->
      </class> <!-- com.parentbooking.testcases.Parents_Page_Test -->
      <class name="com.parentbooking.testcases.Logout_Test">
        <test-method is-config="true" signature="setDriver()[pri:0, instance:com.parentbooking.testcases.Logout_Test@56cdfb3b]" started-at="2024-09-09T22:23:52 IST" name="setDriver" finished-at="2024-09-09T22:23:52 IST" duration-ms="0" status="PASS">
          <reporter-output>
          </reporter-output>
        </test-method> <!-- setDriver -->
        <test-method signature="logoutTest()[pri:0, instance:com.parentbooking.testcases.Logout_Test@56cdfb3b]" started-at="2024-09-09T22:23:52 IST" name="logoutTest" finished-at="2024-09-09T22:23:57 IST" duration-ms="4731" status="PASS">
          <reporter-output>
          </reporter-output>
        </test-method> <!-- logoutTest -->
      </class> <!-- com.parentbooking.testcases.Logout_Test -->
      <class name="com.parentbooking.testcases.Login_Page_Test">
        <test-method is-config="true" signature="launchingWebBrowser()[pri:0, instance:com.parentbooking.testcases.Login_Page_Test@4d0f2471]" started-at="2024-09-09T22:22:44 IST" name="launchingWebBrowser" finished-at="2024-09-09T22:22:48 IST" duration-ms="4231" status="PASS">
          <reporter-output>
          </reporter-output>
        </test-method> <!-- launchingWebBrowser -->
        <test-method signature="loggingIntoTheApplication()[pri:0, instance:com.parentbooking.testcases.Login_Page_Test@4d0f2471]" started-at="2024-09-09T22:22:48 IST" name="loggingIntoTheApplication" finished-at="2024-09-09T22:23:02 IST" duration-ms="13497" status="PASS">
          <reporter-output>
          </reporter-output>
        </test-method> <!-- loggingIntoTheApplication -->
      </class> <!-- com.parentbooking.testcases.Login_Page_Test -->
    </test> <!-- Test -->
  </suite> <!-- Suite -->
</testng-results>
